0 info it worked if it ends with ok
1 verbose cli [ 'node', '/usr/local/bin/npm', 'install', 'node-mongodb-native' ]
2 info using npm@1.4.9
3 info using node@v0.10.28
4 verbose readDependencies using package.json deps
5 verbose cache add [ 'node-mongodb-native', null ]
6 verbose cache add name=undefined spec="node-mongodb-native" args=["node-mongodb-native",null]
7 verbose parsed url { protocol: null,
7 verbose parsed url   slashes: null,
7 verbose parsed url   auth: null,
7 verbose parsed url   host: null,
7 verbose parsed url   port: null,
7 verbose parsed url   hostname: null,
7 verbose parsed url   hash: null,
7 verbose parsed url   search: null,
7 verbose parsed url   query: null,
7 verbose parsed url   pathname: 'node-mongodb-native',
7 verbose parsed url   path: 'node-mongodb-native',
7 verbose parsed url   href: 'node-mongodb-native' }
8 silly lockFile 19c00958-node-mongodb-native node-mongodb-native
9 verbose lock node-mongodb-native /Users/willricketts/.npm/19c00958-node-mongodb-native.lock
10 silly lockFile 19c00958-node-mongodb-native node-mongodb-native
11 silly lockFile 19c00958-node-mongodb-native node-mongodb-native
12 verbose addNamed [ 'node-mongodb-native', '' ]
13 verbose addNamed [ null, '*' ]
14 silly lockFile 5600b9da-node-mongodb-native node-mongodb-native@
15 verbose lock node-mongodb-native@ /Users/willricketts/.npm/5600b9da-node-mongodb-native.lock
16 silly addNameRange { name: 'node-mongodb-native', range: '*', hasData: false }
17 verbose url raw node-mongodb-native
18 verbose url resolving [ 'https://registry.npmjs.org/', './node-mongodb-native' ]
19 verbose url resolved https://registry.npmjs.org/node-mongodb-native
20 info trying registry request attempt 1 at 16:26:52
21 http GET https://registry.npmjs.org/node-mongodb-native
22 http 404 https://registry.npmjs.org/node-mongodb-native
23 verbose headers { date: 'Tue, 10 Jun 2014 20:26:52 GMT',
23 verbose headers   server: 'CouchDB/1.5.0 (Erlang OTP/R16B03)',
23 verbose headers   'content-type': 'application/json',
23 verbose headers   via: '1.1 varnish',
23 verbose headers   'cache-control': 'max-age=0',
23 verbose headers   'content-length': '52',
23 verbose headers   'accept-ranges': 'bytes',
23 verbose headers   age: '0',
23 verbose headers   'x-served-by': 'cache-sv61-SJC3, cache-d96-DAL',
23 verbose headers   'x-cache': 'MISS, MISS',
23 verbose headers   'x-cache-hits': '0, 0',
23 verbose headers   'x-timer': 'S1402432012.907065,VS0,VE83',
23 verbose headers   'keep-alive': 'timeout=10, max=50',
23 verbose headers   connection: 'Keep-Alive' }
24 silly registry.get cb [ 404,
24 silly registry.get   { date: 'Tue, 10 Jun 2014 20:26:52 GMT',
24 silly registry.get     server: 'CouchDB/1.5.0 (Erlang OTP/R16B03)',
24 silly registry.get     'content-type': 'application/json',
24 silly registry.get     via: '1.1 varnish',
24 silly registry.get     'cache-control': 'max-age=0',
24 silly registry.get     'content-length': '52',
24 silly registry.get     'accept-ranges': 'bytes',
24 silly registry.get     age: '0',
24 silly registry.get     'x-served-by': 'cache-sv61-SJC3, cache-d96-DAL',
24 silly registry.get     'x-cache': 'MISS, MISS',
24 silly registry.get     'x-cache-hits': '0, 0',
24 silly registry.get     'x-timer': 'S1402432012.907065,VS0,VE83',
24 silly registry.get     'keep-alive': 'timeout=10, max=50',
24 silly registry.get     connection: 'Keep-Alive' } ]
25 silly lockFile 5600b9da-node-mongodb-native node-mongodb-native@
26 silly lockFile 5600b9da-node-mongodb-native node-mongodb-native@
27 error 404 404 Not Found: node-mongodb-native
27 error 404
27 error 404 'node-mongodb-native' is not in the npm registry.
27 error 404 You should bug the author to publish it
27 error 404
27 error 404 Maybe try 'npm search mongodb native'
27 error 404
27 error 404 Note that you can also install from a
27 error 404 tarball, folder, or http url, or git url.
28 error System Darwin 13.2.0
29 error command "node" "/usr/local/bin/npm" "install" "node-mongodb-native"
30 error cwd /Users/willricketts/Desktop/development/procur-all/userthing
31 error node -v v0.10.28
32 error npm -v 1.4.9
33 error code E404
34 verbose exit [ 1, true ]
